Determining if the pthread_create exist failed with the following output:
Change Dir: /home/asuiiiyi/Repository/TinyRPC/build/release-cpp11/CMakeFiles/CMakeTmp

Run Build Command:/usr/bin/gmake "cmTryCompileExec970606284/fast"
/usr/bin/gmake -f CMakeFiles/cmTryCompileExec970606284.dir/build.make CMakeFiles/cmTryCompileExec970606284.dir/build
gmake[1]: Entering directory `/home/asuiiiyi/Repository/TinyRPC/build/release-cpp11/CMakeFiles/CMakeTmp'
/usr/bin/cmake -E cmake_progress_report /home/asuiiiyi/Repository/TinyRPC/build/release-cpp11/CMakeFiles/CMakeTmp/CMakeFiles 1
Building C object CMakeFiles/cmTryCompileExec970606284.dir/CheckSymbolExists.c.o
/opt/rh/devtoolset-7/root/usr/bin/cc    -o CMakeFiles/cmTryCompileExec970606284.dir/CheckSymbolExists.c.o   -c /home/asuiiiyi/Repository/TinyRPC/build/release-cpp11/CMakeFiles/CMakeTmp/CheckSymbolExists.c
Linking C executable cmTryCompileExec970606284
/usr/bin/cmake -E cmake_link_script CMakeFiles/cmTryCompileExec970606284.dir/link.txt --verbose=1
/opt/rh/devtoolset-7/root/usr/bin/cc       CMakeFiles/cmTryCompileExec970606284.dir/CheckSymbolExists.c.o  -o cmTryCompileExec970606284 -rdynamic 
CMakeFiles/cmTryCompileExec970606284.dir/CheckSymbolExists.c.o: In function `main':
CheckSymbolExists.c:(.text+0x16): undefined reference to `pthread_create'
collect2: error: ld returned 1 exit status
gmake[1]: *** [cmTryCompileExec970606284] Error 1
gmake[1]: Leaving directory `/home/asuiiiyi/Repository/TinyRPC/build/release-cpp11/CMakeFiles/CMakeTmp'
gmake: *** [cmTryCompileExec970606284/fast] Error 2

File /home/asuiiiyi/Repository/TinyRPC/build/release-cpp11/CMakeFiles/CMakeTmp/CheckSymbolExists.c:
/* */
#include <pthread.h>

int main(int argc, char** argv)
{
  (void)argv;
#ifndef pthread_create
  return ((int*)(&pthread_create))[argc];
#else
  (void)argc;
  return 0;
#endif
}

Determining if the function pthread_create exists in the pthreads failed with the following output:
Change Dir: /home/asuiiiyi/Repository/TinyRPC/build/release-cpp11/CMakeFiles/CMakeTmp

Run Build Command:/usr/bin/gmake "cmTryCompileExec3777528075/fast"
/usr/bin/gmake -f CMakeFiles/cmTryCompileExec3777528075.dir/build.make CMakeFiles/cmTryCompileExec3777528075.dir/build
gmake[1]: Entering directory `/home/asuiiiyi/Repository/TinyRPC/build/release-cpp11/CMakeFiles/CMakeTmp'
/usr/bin/cmake -E cmake_progress_report /home/asuiiiyi/Repository/TinyRPC/build/release-cpp11/CMakeFiles/CMakeTmp/CMakeFiles 1
Building C object CMakeFiles/cmTryCompileExec3777528075.dir/CheckFunctionExists.c.o
/opt/rh/devtoolset-7/root/usr/bin/cc   -DCHECK_FUNCTION_EXISTS=pthread_create   -o CMakeFiles/cmTryCompileExec3777528075.dir/CheckFunctionExists.c.o   -c /usr/share/cmake/Modules/CheckFunctionExists.c
Linking C executable cmTryCompileExec3777528075
/usr/bin/cmake -E cmake_link_script CMakeFiles/cmTryCompileExec3777528075.dir/link.txt --verbose=1
/opt/rh/devtoolset-7/root/usr/bin/cc   -DCHECK_FUNCTION_EXISTS=pthread_create    CMakeFiles/cmTryCompileExec3777528075.dir/CheckFunctionExists.c.o  -o cmTryCompileExec3777528075 -rdynamic -lpthreads 
/opt/rh/devtoolset-7/root/usr/libexec/gcc/x86_64-redhat-linux/7/ld: cannot find -lpthreads
collect2: error: ld returned 1 exit status
gmake[1]: *** [cmTryCompileExec3777528075] Error 1
gmake[1]: Leaving directory `/home/asuiiiyi/Repository/TinyRPC/build/release-cpp11/CMakeFiles/CMakeTmp'
gmake: *** [cmTryCompileExec3777528075/fast] Error 2


